app/build/outputs/logs/manifest-merger-debug-report.txt
-- Merging decision tree log ---
manifest
ADDED from src/main/AndroidManifest.xml:19:1-291:12
	xmlns:android
		ADDED from src/main/AndroidManifest.xml:19:11-69
	package
		ADDED from src/main/AndroidManifest.xml:19:70-99
		INJECTED from src/main/AndroidManifest.xml
		INJECTED from src/main/AndroidManifest.xml
original-package
ADDED from src/main/AndroidManifest.xml:21:5-60
	android:name
		ADDED from src/main/AndroidManifest.xml:21:23-57
uses-sdk
ADDED from src/main/AndroidManifest.xml:23:5-43
MERGED from [com.android.support:recyclerview-v7:23.0.0] AndroidManifest.xml:20:5-43
MERGED from [com.android.support:support-v4:23.0.0] AndroidManifest.xml:20:5-43
MERGED from [com.android.support:gridlayout-v7:23.0.0] AndroidManifest.xml:20:5-43
MERGED from [com.android.support:support-v4:23.0.0] AndroidManifest.xml:20:5-43
MERGED from [com.android.support:design:23.0.0] AndroidManifest.xml:20:5-43
MERGED from [com.android.support:appcompat-v7:23.0.0] AndroidManifest.xml:20:5-43
MERGED from [com.android.support:support-v4:23.0.0] AndroidManifest.xml:20:5-43
MERGED from [com.android.support:support-v4:23.0.0] AndroidManifest.xml:20:5-43
MERGED from [org.sufficientlysecure:openpgp-api:8.0] AndroidManifest.xml:7:5-9:41
MERGED from [com.android.support:support-v4:23.0.0] AndroidManifest.xml:20:5-43
MERGED from [com.android.support:cardview-v7:23.0.0] AndroidManifest.xml:20:5-43
MERGED from [com.android.support:support-v13:23.0.0] AndroidManifest.xml:20:5-44
MERGED from [com.android.support:support-v4:23.0.0] AndroidManifest.xml:20:5-43
MERGED from [com.android.support:appcompat-v7:23.0.0] AndroidManifest.xml:20:5-43
MERGED from [com.android.support:support-v4:23.0.0] AndroidManifest.xml:20:5-43
MERGED from [com.android.support:design:23.0.0] AndroidManifest.xml:20:5-43
MERGED from [com.android.support:appcompat-v7:23.0.0] AndroidManifest.xml:20:5-43
MERGED from [com.android.support:support-v4:23.0.0] AndroidManifest.xml:20:5-43
MERGED from [com.android.support:support-v4:23.0.0] AndroidManifest.xml:20:5-43
	android:targetSdkVersion
		INJECTED from src/main/AndroidManifest.xml
		INJECTED from src/main/AndroidManifest.xml
	android:minSdkVersion
		ADDED from src/main/AndroidManifest.xml:23:15-41
		INJECTED from src/main/AndroidManifest.xml
		INJECTED from src/main/AndroidManifest.xml
uses-feature#android.software.leanback
ADDED from src/main/AndroidManifest.xml:25:5-26:32
	android:required
		ADDED from src/main/AndroidManifest.xml:26:5-29
	android:name
		ADDED from src/main/AndroidManifest.xml:25:19-59
uses-feature#android.hardware.touchscreen
ADDED from src/main/AndroidManifest.xml:28:5-29:32
	android:required
		ADDED from src/main/AndroidManifest.xml:29:5-29
	android:name
		ADDED from src/main/AndroidManifest.xml:28:19-62
uses-feature#android.hardware.screen.portrait
ADDED from src/main/AndroidManifest.xml:31:5-32:32
	android:required
		ADDED from src/main/AndroidManifest.xml:32:5-29
	android:name
		ADDED from src/main/AndroidManifest.xml:31:19-66
permission#com.android.browser.permission.PRELOAD
ADDED from src/main/AndroidManifest.xml:34:5-36:55
	android:label
		ADDED from src/main/AndroidManifest.xml:35:9-57
	android:protectionLevel
		ADDED from src/main/AndroidManifest.xml:36:9-52
	android:name
		ADDED from src/main/AndroidManifest.xml:34:17-70
uses-permission#android.permission.ACCESS_COARSE_LOCATION
ADDED from src/main/AndroidManifest.xml:38:5-80
	android:name
		ADDED from src/main/AndroidManifest.xml:38:22-78
uses-permission#android.permission.ACCESS_DOWNLOAD_MANAGER
ADDED from src/main/AndroidManifest.xml:39:5-81
	android:name
		ADDED from src/main/AndroidManifest.xml:39:22-79
uses-permission#android.permission.ACCESS_FINE_LOCATION
ADDED from src/main/AndroidManifest.xml:40:5-78
	android:name
		ADDED from src/main/AndroidManifest.xml:40:22-76
uses-permission#android.permission.ACCESS_NETWORK_STATE
ADDED from src/main/AndroidManifest.xml:41:5-78
	android:name
		ADDED from src/main/AndroidManifest.xml:41:22-76
uses-permission#android.permission.ACCESS_WIFI_STATE
ADDED from src/main/AndroidManifest.xml:42:5-75
	android:name
		ADDED from src/main/AndroidManifest.xml:42:22-73
uses-permission#android.permission.GET_ACCOUNTS
ADDED from src/main/AndroidManifest.xml:43:5-70
	android:name
		ADDED from src/main/AndroidManifest.xml:43:22-68
uses-permission#android.permission.USE_CREDENTIALS
ADDED from src/main/AndroidManifest.xml:44:5-73
	android:name
		ADDED from src/main/AndroidManifest.xml:44:22-71
uses-permission#android.permission.INTERNET
ADDED from src/main/AndroidManifest.xml:45:5-67
	android:name
		ADDED from src/main/AndroidManifest.xml:45:22-64
uses-permission#android.permission.NFC
ADDED from src/main/AndroidManifest.xml:46:5-62
	android:name
		ADDED from src/main/AndroidManifest.xml:46:22-59
uses-permission#android.permission.SEND_DOWNLOAD_COMPLETED_INTENTS
ADDED from src/main/AndroidManifest.xml:47:5-90
	android:name
		ADDED from src/main/AndroidManifest.xml:47:22-87
uses-permission#android.permission.SET_WALLPAPER
ADDED from src/main/AndroidManifest.xml:48:5-72
	android:name
		ADDED from src/main/AndroidManifest.xml:48:22-69
uses-permission#android.permission.WAKE_LOCK
ADDED from src/main/AndroidManifest.xml:49:5-67
	android:name
		ADDED from src/main/AndroidManifest.xml:49:22-65
uses-permission#android.permission.WRITE_EXTERNAL_STORAGE
ADDED from src/main/AndroidManifest.xml:50:5-81
	android:name
		ADDED from src/main/AndroidManifest.xml:50:22-78
uses-permission#android.permission.WRITE_SETTINGS
ADDED from src/main/AndroidManifest.xml:51:5-73
	android:name
		ADDED from src/main/AndroidManifest.xml:51:22-70
uses-permission#android.permission.READ_SYNC_SETTINGS
ADDED from src/main/AndroidManifest.xml:52:5-77
	android:name
		ADDED from src/main/AndroidManifest.xml:52:22-74
uses-permission#android.permission.WRITE_SYNC_SETTINGS
ADDED from src/main/AndroidManifest.xml:53:5-78
	android:name
		ADDED from src/main/AndroidManifest.xml:53:22-75
uses-permission#android.permission.MANAGE_ACCOUNTS
ADDED from src/main/AndroidManifest.xml:54:5-74
	android:name
		ADDED from src/main/AndroidManifest.xml:54:22-71
uses-permission#android.permission.READ_PROFILE
ADDED from src/main/AndroidManifest.xml:55:5-71
	android:name
		ADDED from src/main/AndroidManifest.xml:55:22-68
uses-permission#android.permission.READ_CONTACTS
ADDED from src/main/AndroidManifest.xml:56:5-72
	android:name
		ADDED from src/main/AndroidManifest.xml:56:22-69
uses-permission#com.android.browser.permission.READ_HISTORY_BOOKMARKS
ADDED from src/main/AndroidManifest.xml:57:5-92
	android:name
		ADDED from src/main/AndroidManifest.xml:57:22-90
uses-permission#com.android.browser.permission.WRITE_HISTORY_BOOKMARKS
ADDED from src/main/AndroidManifest.xml:58:5-93
	android:name
		ADDED from src/main/AndroidManifest.xml:58:22-91
uses-permission#com.android.launcher.permission.INSTALL_SHORTCUT
ADDED from src/main/AndroidManifest.xml:59:5-87
	android:name
		ADDED from src/main/AndroidManifest.xml:59:22-85
uses-permission#android.permission.RECORD_AUDIO
ADDED from src/main/AndroidManifest.xml:60:5-70
	android:name
		ADDED from src/main/AndroidManifest.xml:60:22-68
uses-permission#android.permission.CAMERA
ADDED from src/main/AndroidManifest.xml:61:5-64
	android:name
		ADDED from src/main/AndroidManifest.xml:61:22-62
uses-permission#android.permission.MODIFY_AUDIO_SETTINGS
ADDED from src/main/AndroidManifest.xml:62:5-79
	android:name
		ADDED from src/main/AndroidManifest.xml:62:22-77
application
ADDED from src/main/AndroidManifest.xml:64:5-289:19
MERGED from [com.android.support:support-v4:23.0.0] AndroidManifest.xml:22:5-20
MERGED from [com.android.support:gridlayout-v7:23.0.0] AndroidManifest.xml:22:5-20
MERGED from [com.android.support:support-v4:23.0.0] AndroidManifest.xml:22:5-20
MERGED from [com.android.support:design:23.0.0] AndroidManifest.xml:22:5-20
MERGED from [com.android.support:appcompat-v7:23.0.0] AndroidManifest.xml:22:5-20
MERGED from [com.android.support:support-v4:23.0.0] AndroidManifest.xml:22:5-20
MERGED from [com.android.support:support-v4:23.0.0] AndroidManifest.xml:22:5-20
MERGED from [org.sufficientlysecure:openpgp-api:8.0] AndroidManifest.xml:11:5-20
MERGED from [com.android.support:support-v4:23.0.0] AndroidManifest.xml:22:5-20
MERGED from [com.android.support:cardview-v7:23.0.0] AndroidManifest.xml:22:5-20
MERGED from [com.android.support:support-v13:23.0.0] AndroidManifest.xml:22:5-20
MERGED from [com.android.support:support-v4:23.0.0] AndroidManifest.xml:22:5-20
MERGED from [com.android.support:appcompat-v7:23.0.0] AndroidManifest.xml:22:5-20
MERGED from [com.android.support:support-v4:23.0.0] AndroidManifest.xml:22:5-20
MERGED from [com.android.support:design:23.0.0] AndroidManifest.xml:22:5-20
MERGED from [com.android.support:appcompat-v7:23.0.0] AndroidManifest.xml:22:5-20
MERGED from [com.android.support:support-v4:23.0.0] AndroidManifest.xml:22:5-20
MERGED from [com.android.support:support-v4:23.0.0] AndroidManifest.xml:22:5-20
	android:supportsRtl
		ADDED from src/main/AndroidManifest.xml:71:20-46
	android:label
		ADDED from src/main/AndroidManifest.xml:65:20-60
	android:icon
		ADDED from src/main/AndroidManifest.xml:66:20-62
	android:hardwareAccelerated
		ADDED from src/main/AndroidManifest.xml:69:20-54
	android:backupAgent
		ADDED from src/main/AndroidManifest.xml:68:20-61
	android:taskAffinity
		ADDED from src/main/AndroidManifest.xml:70:20-63
	android:name
		ADDED from src/main/AndroidManifest.xml:64:20-42
	android:banner
		ADDED from src/main/AndroidManifest.xml:67:20-53
provider#com.android.browser.provider.BrowserProvider2
ADDED from src/main/AndroidManifest.xml:73:9-82:20
	android:multiprocess
		ADDED from src/main/AndroidManifest.xml:75:19-47
	android:theme
		ADDED from src/main/AndroidManifest.xml:77:19-58
	android:exported
		ADDED from src/main/AndroidManifest.xml:76:19-42
	android:authorities
		ADDED from src/main/AndroidManifest.xml:74:19-68
	android:readPermission
		ADDED from src/main/AndroidManifest.xml:78:19-97
	android:name
		ADDED from src/main/AndroidManifest.xml:73:19-60
	android:writePermission
		ADDED from src/main/AndroidManifest.xml:79:19-99
path-permission
ADDED from src/main/AndroidManifest.xml:80:13-81:81
	android:path
		ADDED from src/main/AndroidManifest.xml:80:30-76
	android:readPermission
		ADDED from src/main/AndroidManifest.xml:81:21-78
activity#com.android.browser.BrowserActivity
ADDED from src/main/AndroidManifest.xml:83:9-160:20
	android:windowSoftInputMode
		ADDED from src/main/AndroidManifest.xml:89:19-61
	android:label
		ADDED from src/main/AndroidManifest.xml:84:19-59
	android:configChanges
		ADDED from src/main/AndroidManifest.xml:87:19-96
	android:theme
		ADDED from src/main/AndroidManifest.xml:88:19-54
	android:name
		ADDED from src/main/AndroidManifest.xml:83:19-49
	android:alwaysRetainTaskState
		ADDED from src/main/AndroidManifest.xml:86:19-55
	android:launchMode
		ADDED from src/main/AndroidManifest.xml:85:19-50
intent-filter#android.intent.category.DEFAULT+android.speech.action.VOICE_SEARCH_RESULTS
ADDED from src/main/AndroidManifest.xml:90:13-93:29
action#android.speech.action.VOICE_SEARCH_RESULTS
ADDED from src/main/AndroidManifest.xml:91:17-85
	android:name
		ADDED from src/main/AndroidManifest.xml:91:25-82
category#android.intent.category.DEFAULT
ADDED from src/main/AndroidManifest.xml:92:17-76
	android:name
		ADDED from src/main/AndroidManifest.xml:92:27-73
intent-filter#android.intent.action.VIEW+android.intent.category.BROWSABLE+android.intent.category.DEFAULT
ADDED from src/main/AndroidManifest.xml:96:13-103:29
action#android.intent.action.VIEW
ADDED from src/main/AndroidManifest.xml:97:17-69
	android:name
		ADDED from src/main/AndroidManifest.xml:97:25-66
category#android.intent.category.BROWSABLE
ADDED from src/main/AndroidManifest.xml:99:17-78
	android:name
		ADDED from src/main/AndroidManifest.xml:99:27-75
data
ADDED from src/main/AndroidManifest.xml:100:17-47
	android:scheme
		ADDED from src/main/AndroidManifest.xml:100:23-44
intent-filter#android.intent.category.DEFAULT+android.nfc.action.NDEF_DISCOVERED
ADDED from src/main/AndroidManifest.xml:119:13-124:29
	android:priority
		ADDED from src/main/AndroidManifest.xml:119:28-51
action#android.nfc.action.NDEF_DISCOVERED
ADDED from src/main/AndroidManifest.xml:120:17-77
	android:name
		ADDED from src/main/AndroidManifest.xml:120:25-74
intent-filter#android.intent.action.MAIN+android.intent.category.APP_BROWSER+android.intent.category.BROWSABLE+android.intent.category.DEFAULT+android.intent.category.LAUNCHER+android.intent.category.LEANBACK_LAUNCHER
ADDED from src/main/AndroidManifest.xml:126:13-133:29
action#android.intent.action.MAIN
ADDED from src/main/AndroidManifest.xml:127:17-69
	android:name
		ADDED from src/main/AndroidManifest.xml:127:25-66
category#android.intent.category.LAUNCHER
ADDED from src/main/AndroidManifest.xml:129:17-77
	android:name
		ADDED from src/main/AndroidManifest.xml:129:27-74
category#android.intent.category.LEANBACK_LAUNCHER
ADDED from src/main/AndroidManifest.xml:130:17-86
	android:name
		ADDED from src/main/AndroidManifest.xml:130:27-83
category#android.intent.category.APP_BROWSER
ADDED from src/main/AndroidManifest.xml:132:17-80
	android:name
		ADDED from src/main/AndroidManifest.xml:132:27-77
intent-filter#android.intent.action.WEB_SEARCH+android.intent.category.BROWSABLE+android.intent.category.DEFAULT
ADDED from src/main/AndroidManifest.xml:142:13-149:29
action#android.intent.action.WEB_SEARCH
ADDED from src/main/AndroidManifest.xml:143:17-75
	android:name
		ADDED from src/main/AndroidManifest.xml:143:25-72
intent-filter#android.intent.action.MEDIA_SEARCH+android.intent.category.DEFAULT
ADDED from src/main/AndroidManifest.xml:150:13-153:29
action#android.intent.action.MEDIA_SEARCH
ADDED from src/main/AndroidManifest.xml:151:17-77
	android:name
		ADDED from src/main/AndroidManifest.xml:151:25-74
intent-filter#android.intent.action.SEARCH+android.intent.category.DEFAULT
ADDED from src/main/AndroidManifest.xml:154:13-157:29
action#android.intent.action.SEARCH
ADDED from src/main/AndroidManifest.xml:155:17-71
	android:name
		ADDED from src/main/AndroidManifest.xml:155:25-68
meta-data#android.app.searchable
ADDED from src/main/AndroidManifest.xml:158:13-159:58
	android:resource
		ADDED from src/main/AndroidManifest.xml:159:21-55
	android:name
		ADDED from src/main/AndroidManifest.xml:158:24-61
activity#com.android.browser.ShortcutActivity
ADDED from src/main/AndroidManifest.xml:162:9-171:20
	android:label
		ADDED from src/main/AndroidManifest.xml:164:13-54
	android:icon
		ADDED from src/main/AndroidManifest.xml:165:13-73
	android:theme
		ADDED from src/main/AndroidManifest.xml:163:13-52
	android:name
		ADDED from src/main/AndroidManifest.xml:162:19-50
intent-filter#android.intent.action.CREATE_SHORTCUT+android.intent.category.DEFAULT
ADDED from src/main/AndroidManifest.xml:166:13-169:29
action#android.intent.action.CREATE_SHORTCUT
ADDED from src/main/AndroidManifest.xml:167:17-80
	android:name
		ADDED from src/main/AndroidManifest.xml:167:25-77
activity#com.android.browser.BrowserPreferencesPage
ADDED from src/main/AndroidManifest.xml:173:9-180:20
	android:label
		ADDED from src/main/AndroidManifest.xml:174:19-59
	android:theme
		ADDED from src/main/AndroidManifest.xml:175:19-58
	android:name
		ADDED from src/main/AndroidManifest.xml:173:19-56
intent-filter#android.intent.action.MANAGE_NETWORK_USAGE+android.intent.category.DEFAULT
ADDED from src/main/AndroidManifest.xml:176:13-179:29
action#android.intent.action.MANAGE_NETWORK_USAGE
ADDED from src/main/AndroidManifest.xml:177:16-84
	android:name
		ADDED from src/main/AndroidManifest.xml:177:24-81
activity#com.android.browser.BookmarkSearch
ADDED from src/main/AndroidManifest.xml:182:9-193:20
	android:label
		ADDED from src/main/AndroidManifest.xml:183:19-59
	android:theme
		ADDED from src/main/AndroidManifest.xml:185:19-58
	android:stateNotNeeded
		ADDED from src/main/AndroidManifest.xml:184:19-48
	android:excludeFromRecents
		ADDED from src/main/AndroidManifest.xml:186:19-52
	android:name
		ADDED from src/main/AndroidManifest.xml:182:19-48
activity#com.android.browser.AddBookmarkPage
ADDED from src/main/AndroidManifest.xml:195:9-205:20
	android:windowSoftInputMode
		ADDED from src/main/AndroidManifest.xml:199:19-61
	android:label
		ADDED from src/main/AndroidManifest.xml:196:19-61
	android:configChanges
		ADDED from src/main/AndroidManifest.xml:198:19-80
	android:theme
		ADDED from src/main/AndroidManifest.xml:197:19-58
	android:name
		ADDED from src/main/AndroidManifest.xml:195:19-49
intent-filter#android.intent.action.INSERT+android.intent.category.DEFAULT
ADDED from src/main/AndroidManifest.xml:200:13-204:29
action#android.intent.action.INSERT
ADDED from src/main/AndroidManifest.xml:201:17-71
	android:name
		ADDED from src/main/AndroidManifest.xml:201:25-68
activity#com.android.browser.ComboViewActivity
ADDED from src/main/AndroidManifest.xml:207:9-209:20
	android:theme
		ADDED from src/main/AndroidManifest.xml:208:19-58
	android:name
		ADDED from src/main/AndroidManifest.xml:207:19-51
receiver#com.android.browser.widget.BookmarkThumbnailWidgetProvider
ADDED from src/main/AndroidManifest.xml:212:9-224:20
	android:label
		ADDED from src/main/AndroidManifest.xml:214:13-46
	android:name
		ADDED from src/main/AndroidManifest.xml:213:13-67
intent-filter#android.appwidget.action.APPWIDGET_UPDATE+com.android.browser.BOOKMARK_APPWIDGET_UPDATE
ADDED from src/main/AndroidManifest.xml:215:13-220:29
action#android.appwidget.action.APPWIDGET_UPDATE
ADDED from src/main/AndroidManifest.xml:216:17-217:80
	android:name
		ADDED from src/main/AndroidManifest.xml:217:21-77
action#com.android.browser.BOOKMARK_APPWIDGET_UPDATE
ADDED from src/main/AndroidManifest.xml:218:17-219:84
	android:name
		ADDED from src/main/AndroidManifest.xml:219:21-81
meta-data#android.appwidget.provider
ADDED from src/main/AndroidManifest.xml:221:13-223:72
	android:resource
		ADDED from src/main/AndroidManifest.xml:223:17-69
	android:name
		ADDED from src/main/AndroidManifest.xml:222:17-58
service#com.android.browser.widget.BookmarkThumbnailWidgetService
ADDED from src/main/AndroidManifest.xml:225:9-228:40
	android:exported
		ADDED from src/main/AndroidManifest.xml:228:13-37
	android:permission
		ADDED from src/main/AndroidManifest.xml:227:13-69
	android:name
		ADDED from src/main/AndroidManifest.xml:226:13-66
receiver#com.android.browser.widget.BookmarkWidgetProxy
ADDED from src/main/AndroidManifest.xml:229:9-231:40
	android:exported
		ADDED from src/main/AndroidManifest.xml:231:13-37
	android:name
		ADDED from src/main/AndroidManifest.xml:230:13-55
activity#com.android.browser.widget.BookmarkWidgetConfigure
ADDED from src/main/AndroidManifest.xml:232:9-237:20
	android:theme
		ADDED from src/main/AndroidManifest.xml:233:13-74
	android:name
		ADDED from src/main/AndroidManifest.xml:232:19-65
intent-filter#android.appwidget.action.APPWIDGET_CONFIGURE
ADDED from src/main/AndroidManifest.xml:234:13-236:29
action#android.appwidget.action.APPWIDGET_CONFIGURE
ADDED from src/main/AndroidManifest.xml:235:17-86
	android:name
		ADDED from src/main/AndroidManifest.xml:235:25-84
meta-data#android.app.default_searchable
ADDED from src/main/AndroidManifest.xml:240:9-101
	android:name
		ADDED from src/main/AndroidManifest.xml:240:20-65
	android:value
		ADDED from src/main/AndroidManifest.xml:240:66-98
meta-data#com.google.android.partnersetup.RLZ_ACCESS_POINT
ADDED from src/main/AndroidManifest.xml:247:9-248:63
	android:name
		ADDED from src/main/AndroidManifest.xml:247:20-83
	android:value
		ADDED from src/main/AndroidManifest.xml:248:20-60
receiver#com.android.browser.OpenDownloadReceiver
ADDED from src/main/AndroidManifest.xml:250:9-254:20
	android:name
		ADDED from src/main/AndroidManifest.xml:250:19-55
intent-filter#android.intent.action.DOWNLOAD_NOTIFICATION_CLICKED
ADDED from src/main/AndroidManifest.xml:251:13-253:29
action#android.intent.action.DOWNLOAD_NOTIFICATION_CLICKED
ADDED from src/main/AndroidManifest.xml:252:17-93
	android:name
		ADDED from src/main/AndroidManifest.xml:252:25-91
provider#com.android.browser.homepages.HomeProvider
ADDED from src/main/AndroidManifest.xml:257:9-261:40
	android:exported
		ADDED from src/main/AndroidManifest.xml:261:13-37
	android:authorities
		ADDED from src/main/AndroidManifest.xml:259:13-59
	android:readPermission
		ADDED from src/main/AndroidManifest.xml:260:13-91
	android:name
		ADDED from src/main/AndroidManifest.xml:258:13-51
receiver#com.android.browser.AccountsChangedReceiver
ADDED from src/main/AndroidManifest.xml:263:9-267:20
	android:name
		ADDED from src/main/AndroidManifest.xml:263:19-58
intent-filter#android.accounts.LOGIN_ACCOUNTS_CHANGED
ADDED from src/main/AndroidManifest.xml:264:13-266:29
action#android.accounts.LOGIN_ACCOUNTS_CHANGED
ADDED from src/main/AndroidManifest.xml:265:17-82
	android:name
		ADDED from src/main/AndroidManifest.xml:265:25-79
receiver#com.android.browser.PreloadRequestReceiver
ADDED from src/main/AndroidManifest.xml:269:9-275:21
	android:permission
		ADDED from src/main/AndroidManifest.xml:270:14-73
	android:name
		ADDED from src/main/AndroidManifest.xml:269:19-57
intent-filter#android.intent.action.PRELOAD
ADDED from src/main/AndroidManifest.xml:271:14-274:30
action#android.intent.action.PRELOAD
ADDED from src/main/AndroidManifest.xml:272:18-72
	android:name
		ADDED from src/main/AndroidManifest.xml:272:26-70
provider#com.android.browser.provider.SnapshotProvider
ADDED from src/main/AndroidManifest.xml:277:9-279:46
	android:exported
		ADDED from src/main/AndroidManifest.xml:279:19-43
	android:authorities
		ADDED from src/main/AndroidManifest.xml:278:19-70
	android:name
		ADDED from src/main/AndroidManifest.xml:277:19-60
provider#android.support.v4.content.FileProvider
ADDED from src/main/AndroidManifest.xml:281:9-288:20
	android:grantUriPermissions
		ADDED from src/main/AndroidManifest.xml:284:19-53
	android:exported
		ADDED from src/main/AndroidManifest.xml:283:19-43
	android:authorities
		ADDED from src/main/AndroidManifest.xml:282:19-73
	android:name
		ADDED from src/main/AndroidManifest.xml:281:19-73
meta-data#android.support.FILE_PROVIDER_PATHS
ADDED from src/main/AndroidManifest.xml:285:14-287:55
	android:resource
		ADDED from src/main/AndroidManifest.xml:287:18-52
	android:name
		ADDED from src/main/AndroidManifest.xml:286:18-68